<?xml version="1.0" encoding="UTF-8"?>
<!-- Generated by org.testng.reporters.JUnitReportReporter -->
<testsuite hostname="LAPTOP-ALB1PIQL" failures="0" tests="1" name="base.BaseTest" time="0.026" errors="0" timestamp="2024-08-30T19:38:34 IST" skipped="0">
  <testcase classname="base.BaseTest" name="testcallingtablets" time="0.026"/>
</testsuite> <!-- base.BaseTest -->
